<?xml version="1.0" encoding="UTF-8"?>
<testsuite xmlns:xsi="http://www.w3.org/2001/XMLSchema-instance" xsi:noNamespaceSchemaLocation="https://maven.apache.org/surefire/maven-surefire-plugin/xsd/surefire-test-report.xsd" version="3.0.2" name="com.muskan.analytics.AnalyticsServiceApplicationTests" time="14.197" tests="1" errors="0" skipped="0" failures="0" flakes="0">
  <properties>
[...]
</properties>
  <testcase name="contextLoads" classname="com.muskan.analytics.AnalyticsServiceApplicationTests" time="2.84">
    <system-out><![CDATA[02:38:22.625 [main] INFO org.springframework.test.context.support.AnnotationConfigContextLoaderUtils -- Could not detect default configuration classes for test class [com.muskan.analytics.AnalyticsServiceApplicationTests]: AnalyticsServiceApplicationTests does not declare any static, non-private, non-final, nested classes annotated with @Configuration.
02:38:23.000 [main] INFO org.springframework.boot.test.context.SpringBootTestContextBootstrapper -- Found @SpringBootConfiguration com.muskan.analytics.AnalyticsServiceApplication for test class com.muskan.analytics.AnalyticsServiceApplicationTests
02:38:23.348 [main] INFO org.springframework.test.context.support.AnnotationConfigContextLoaderUtils -- Could not detect default configuration classes for test class [com.muskan.analytics.AnalyticsServiceApplicationTests]: AnalyticsServiceApplicationTests does not declare any static, non-private, non-final, nested classes annotated with @Configuration.
02:38:23.361 [main] INFO org.springframework.boot.test.context.SpringBootTestContextBootstrapper -- Found @SpringBootConfiguration com.muskan.analytics.AnalyticsServiceApplication for test class com.muskan.analytics.AnalyticsServiceApplicationTests

  .   ____          _            __ _ _
 /\\ / ___'_ __ _ _(_)_ __  __ _ \ \ \ \
( ( )\___ | '_ | '_| | '_ \/ _` | \ \ \ \
 \\/  ___)| |_)| | | | | || (_| |  ) ) ) )
  '  |____| .__|_| |_|_| |_\__, | / / / /
 =========|_|==============|___/=/_/_/_/

 :: Spring Boot ::                (v4.0.6)

2026-05-31T02:38:24.710+05:30  INFO 7788 --- [analytics-service] [           main] c.m.a.AnalyticsServiceApplicationTests   : Starting AnalyticsServiceApplicationTests using Java 21.0.10 with PID 7788 (started by user in C:\devops project\analytics-service)
2026-05-31T02:38:24.723+05:30  INFO 7788 --- [analytics-service] [           main] c.m.a.AnalyticsServiceApplicationTests   : No active profile set, falling back to 1 default profile: "default"
2026-05-31T02:38:32.367+05:30  INFO 7788 --- [analytics-service] [           main] o.s.b.a.e.web.EndpointLinksResolver      : Exposing 3 endpoints beneath base path '/actuator'
2026-05-31T02:38:32.682+05:30  INFO 7788 --- [analytics-service] [           main] c.m.a.AnalyticsServiceApplicationTests   : Started AnalyticsServiceApplicationTests in 9.023 seconds (process running for 13.195)
]]></system-out>
    <system-err><![CDATA[Mockito is currently self-attaching to enable the inline-mock-maker. This will no longer work in future releases of the JDK. Please add Mockito as an agent to your build as described in Mockito's documentation: https://javadoc.io/doc/org.mockito/mockito-core/latest/org.mockito/org/mockito/Mockito.html#0.3
WARNING: A Java agent has been loaded dynamically (C:\Users\user\.m2\repository\net\bytebuddy\byte-buddy-agent\1.17.8\byte-buddy-agent-1.17.8.jar)
WARNING: If a serviceability tool is in use, please run with -XX:+EnableDynamicAgentLoading to hide this warning
WARNING: If a serviceability tool is not in use, please run with -Djdk.instrument.traceUsage for more information
WARNING: Dynamic loading of agents will be disallowed by default in a future release
]]></system-err>
  </testcase>
</testsuite>